{
  "RSpec": {
    "coverage": {
      "/home/Kiana-Jade-05742/tic-tac-toe-rb-online-web-sp-000/lib/tic_tac_toe.rb": [
        null,
        1,
        null,
        null,
        null,
        null,
        null,
        null,
        null,
        null,
        1,
        1,
        14,
        14,
        14,
        14,
        14,
        null,
        1,
        957,
        null,
        1,
        12,
        null,
        1,
        959,
        null,
        1,
        957,
        null,
        1,
        110,
        null,
        1,
        10,
        null,
        1,
        955,
        954,
        954,
        954,
        9,
        9,
        null,
        945,
        null,
        null,
        1,
        0,
        0,
        null,
        null,
        null,
        null,
        1,
        25,
        null,
        null,
        1,
        6,
        null,
        null,
        1,
        7,
        null,
        1,
        3,
        0,
        null,
        null,
        null,
        1,
        12,
        7,
        4,
        1,
        0,
        0,
        null,
        null
      ]
    },
    "timestamp": 1610744367
  }
}
