{
  "RSpec": {
    "coverage": {
      "/home/Kiana-Jade-05742/tic-tac-toe-rb-online-web-sp-000/lib/tic_tac_toe.rb": [
        null,
        1,
        null,
        null,
        null,
        null,
        null,
        null,
        null,
        null,
        1,
        1,
        15,
        15,
        15,
        15,
        15,
        null,
        1,
        14,
        null,
        1,
        13,
        null,
        1,
        16,
        null,
        1,
        14,
        null,
        1,
        120,
        null,
        1,
        11,
        null,
        1,
        11,
        11,
        11,
        11,
        10,
        10,
        null,
        1,
        null,
        null,
        1,
        0,
        0,
        null,
        null,
        null,
        null,
        1,
        25,
        null,
        null,
        1,
        6,
        null,
        null,
        1,
        12,
        null,
        1,
        3,
        0,
        null,
        null,
        null,
        1,
        12,
        5,
        1,
        0,
        0,
        null,
        null
      ]
    },
    "timestamp": 1610743904
  }
}
